[debug] [2024-03-26T16:18:42.289Z] ----------------------------------------------------------------------
[debug] [2024-03-26T16:18:42.294Z] Command:       C:\Program Files\nodejs\node.exe C:\Users\Pankaj Singh\AppData\Roaming\npm\node_modules\firebase-tools\lib\bin\firebase.js use --add
[debug] [2024-03-26T16:18:42.294Z] CLI Version:   13.4.0
[debug] [2024-03-26T16:18:42.294Z] Platform:      win32
[debug] [2024-03-26T16:18:42.295Z] Node Version:  v20.11.1
[debug] [2024-03-26T16:18:42.295Z] Time:          Tue Mar 26 2024 21:48:42 GMT+0530 (India Standard Time)
[debug] [2024-03-26T16:18:42.295Z] ----------------------------------------------------------------------
[debug] 
[debug] [2024-03-26T16:18:42.299Z] >>> [apiv2][query] GET https://firebase-public.firebaseio.com/cli.json [none]
[debug] [2024-03-26T16:18:42.461Z] > command requires scopes: ["email","openid","https://www.googleapis.com/auth/cloudplatformprojects.readonly","https://www.googleapis.com/auth/firebase","https://www.googleapis.com/auth/cloud-platform"]
[debug] [2024-03-26T16:18:42.461Z] > authorizing via signed-in user (velvetsky.pvt@gmail.com)
[debug] [2024-03-26T16:18:42.462Z] > refreshing access token with scopes: []
[debug] [2024-03-26T16:18:42.463Z] >>> [apiv2][query] POST https://www.googleapis.com/oauth2/v3/token [none]
[debug] [2024-03-26T16:18:42.464Z] >>> [apiv2][body] POST https://www.googleapis.com/oauth2/v3/token [omitted]
[debug] [2024-03-26T16:18:42.879Z] <<< [apiv2][status] POST https://www.googleapis.com/oauth2/v3/token 200
[debug] [2024-03-26T16:18:42.881Z] <<< [apiv2][body] POST https://www.googleapis.com/oauth2/v3/token [omitted]
[debug] [2024-03-26T16:18:42.908Z] >>> [apiv2][query] GET https://firebase.googleapis.com/v1beta1/projects pageSize=1000
[debug] [2024-03-26T16:18:43.206Z] <<< [apiv2][status] GET https://firebase-public.firebaseio.com/cli.json 200
[debug] [2024-03-26T16:18:43.206Z] <<< [apiv2][body] GET https://firebase-public.firebaseio.com/cli.json {"cloudBuildErrorAfter":1594252800000,"cloudBuildWarnAfter":1590019200000,"defaultNode10After":1594252800000,"minVersion":"3.0.5","node8DeploysDisabledAfter":1613390400000,"node8RuntimeDisabledAfter":1615809600000,"node8WarnAfter":1600128000000}
[debug] [2024-03-26T16:18:43.873Z] <<< [apiv2][status] GET https://firebase.googleapis.com/v1beta1/projects 200
[debug] [2024-03-26T16:18:43.873Z] <<< [apiv2][body] GET https://firebase.googleapis.com/v1beta1/projects [omitted]
